<?xml version="1.0" encoding="UTF-8"?>
<!-- Generated by org.testng.reporters.JUnitReportReporter -->
<testsuite skipped="0" hostname="DESKTOP-GRBO14F" name="Selenium2Test" tests="6" failures="0" timestamp="2021-06-14T22:51:10 IST" time="63.244" errors="0">
  <testcase name="selTest" time="13.399" classname="Selenium2Test"/>
  <system-out/>
  <testcase name="selTestkeypress" time="10.230" classname="Selenium2Test"/>
  <system-out/>
  <testcase name="selTesthover" time="7.127" classname="Selenium2Test"/>
  <system-out/>
  <testcase name="selTestlasttest" time="9.234" classname="Selenium2Test"/>
  <system-out/>
  <testcase name="selTestalert" time="11.788" classname="Selenium2Test"/>
  <system-out/>
  <testcase name="selTestSelect" time="11.466" classname="Selenium2Test"/>
  <system-out/>
</testsuite> <!-- Selenium2Test -->
